TN:
SF:LinkedList.js
FN:2,(anonymous_0)
FN:7,(anonymous_1)
FN:13,(anonymous_2)
FN:25,(anonymous_3)
FN:35,(anonymous_4)
FN:45,(anonymous_5)
FN:50,(anonymous_6)
FN:62,(anonymous_7)
FN:68,(anonymous_8)
FNF:9
FNH:8
FNDA:14,(anonymous_0)
FNDA:38,(anonymous_1)
FNDA:12,(anonymous_2)
FNDA:0,(anonymous_3)
FNDA:4,(anonymous_4)
FNDA:2,(anonymous_5)
FNDA:4,(anonymous_6)
FNDA:39,(anonymous_7)
FNDA:13,(anonymous_8)
DA:3,14
DA:4,14
DA:8,38
DA:9,38
DA:10,38
DA:14,12
DA:15,6
DA:18,6
DA:19,6
DA:20,8
DA:22,6
DA:26,0
DA:27,0
DA:28,0
DA:29,0
DA:30,0
DA:32,0
DA:36,4
DA:38,3
DA:39,3
DA:41,1
DA:42,1
DA:46,2
DA:47,2
DA:51,4
DA:53,3
DA:54,3
DA:56,1
DA:57,1
DA:63,39
DA:64,39
DA:68,1
DA:69,13
DA:70,13
DA:71,35
DA:73,13
DA:76,1
LF:37
LH:31
BRDA:14,0,0,6
BRDA:14,0,1,6
BRDA:14,1,0,12
BRDA:14,1,1,9
BRDA:36,2,0,1
BRDA:36,2,1,3
BRDA:39,3,0,2
BRDA:39,3,1,1
BRDA:51,4,0,1
BRDA:51,4,1,3
BRDA:54,5,0,2
BRDA:54,5,1,1
BRF:12
BRH:12
end_of_record
