<?xml version="1.0" encoding="UTF-8"?>
<coverage generated="1607218992375" clover="3.2.0">
  <project timestamp="1607218992375" name="All files">
    <metrics statements="37" coveredstatements="31" conditionals="12" coveredconditionals="12" methods="9" coveredmethods="8" elements="58" coveredelements="51" complexity="0" loc="37" ncloc="37" packages="1" files="1" classes="1"/>
    <file name="LinkedList.js" path="C:\Users\Utilizador\Desktop\data structures\LinkedList.js">
      <metrics statements="37" coveredstatements="31" conditionals="12" coveredconditionals="12" methods="9" coveredmethods="8"/>
      <line num="3" count="14" type="stmt"/>
      <line num="4" count="14" type="stmt"/>
      <line num="8" count="38" type="stmt"/>
      <line num="9" count="38" type="stmt"/>
      <line num="10" count="38" type="stmt"/>
      <line num="14" count="12" type="cond" truecount="4" falsecount="0"/>
      <line num="15" count="6" type="stmt"/>
      <line num="18" count="6" type="stmt"/>
      <line num="19" count="6" type="stmt"/>
      <line num="20" count="8" type="stmt"/>
      <line num="22" count="6" type="stmt"/>
      <line num="26" count="0" type="stmt"/>
      <line num="27" count="0" type="stmt"/>
      <line num="28" count="0" type="stmt"/>
      <line num="29" count="0" type="stmt"/>
      <line num="30" count="0" type="stmt"/>
      <line num="32" count="0" type="stmt"/>
      <line num="36" count="4" type="cond" truecount="2" falsecount="0"/>
      <line num="38" count="3" type="stmt"/>
      <line num="39" count="3" type="cond" truecount="2" falsecount="0"/>
      <line num="41" count="1" type="stmt"/>
      <line num="42" count="1" type="stmt"/>
      <line num="46" count="2" type="stmt"/>
      <line num="47" count="2" type="stmt"/>
      <line num="51" count="4" type="cond" truecount="2" falsecount="0"/>
      <line num="53" count="3" type="stmt"/>
      <line num="54" count="3" type="cond" truecount="2" falsecount="0"/>
      <line num="56" count="1" type="stmt"/>
      <line num="57" count="1" type="stmt"/>
      <line num="63" count="39" type="stmt"/>
      <line num="64" count="39" type="stmt"/>
      <line num="68" count="1" type="stmt"/>
      <line num="69" count="13" type="stmt"/>
      <line num="70" count="13" type="stmt"/>
      <line num="71" count="35" type="stmt"/>
      <line num="73" count="13" type="stmt"/>
      <line num="76" count="1" type="stmt"/>
    </file>
  </project>
</coverage>
