{"C:\\Users\\Utilizador\\Desktop\\data structures\\ll\\LinkedList.js": {"path":"C:\\Users\\Utilizador\\Desktop\\data structures\\ll\\LinkedList.js","statementMap":{"0":{"start":{"line":3,"column":8},"end":{"line":3,"column":24}},"1":{"start":{"line":4,"column":8},"end":{"line":4,"column":23}},"2":{"start":{"line":8,"column":24},"end":{"line":8,"column":59}},"3":{"start":{"line":9,"column":8},"end":{"line":9,"column":27}},"4":{"start":{"line":10,"column":8},"end":{"line":10,"column":21}},"5":{"start":{"line":14,"column":8},"end":{"line":16,"column":9}},"6":{"start":{"line":15,"column":12},"end":{"line":15,"column":23}},"7":{"start":{"line":18,"column":22},"end":{"line":18,"column":31}},"8":{"start":{"line":19,"column":8},"end":{"line":21,"column":9}},"9":{"start":{"line":19,"column":19},"end":{"line":19,"column":20}},"10":{"start":{"line":20,"column":12},"end":{"line":20,"column":34}},"11":{"start":{"line":22,"column":8},"end":{"line":22,"column":22}},"12":{"start":{"line":26,"column":21},"end":{"line":26,"column":23}},"13":{"start":{"line":27,"column":22},"end":{"line":27,"column":31}},"14":{"start":{"line":28,"column":8},"end":{"line":31,"column":9}},"15":{"start":{"line":29,"column":12},"end":{"line":29,"column":52}},"16":{"start":{"line":30,"column":12},"end":{"line":30,"column":34}},"17":{"start":{"line":32,"column":8},"end":{"line":32,"column":36}},"18":{"start":{"line":36,"column":8},"end":{"line":36,"column":54}},"19":{"start":{"line":36,"column":25},"end":{"line":36,"column":54}},"20":{"start":{"line":38,"column":21},"end":{"line":38,"column":47}},"21":{"start":{"line":39,"column":8},"end":{"line":39,"column":37}},"22":{"start":{"line":39,"column":26},"end":{"line":39,"column":37}},"23":{"start":{"line":41,"column":8},"end":{"line":41,"column":56}},"24":{"start":{"line":42,"column":8},"end":{"line":42,"column":21}},"25":{"start":{"line":46,"column":8},"end":{"line":46,"column":34}},"26":{"start":{"line":47,"column":8},"end":{"line":47,"column":21}},"27":{"start":{"line":51,"column":8},"end":{"line":51,"column":49}},"28":{"start":{"line":51,"column":25},"end":{"line":51,"column":49}},"29":{"start":{"line":53,"column":21},"end":{"line":53,"column":47}},"30":{"start":{"line":54,"column":8},"end":{"line":54,"column":37}},"31":{"start":{"line":54,"column":26},"end":{"line":54,"column":37}},"32":{"start":{"line":56,"column":8},"end":{"line":56,"column":34}},"33":{"start":{"line":57,"column":8},"end":{"line":57,"column":21}},"34":{"start":{"line":63,"column":8},"end":{"line":63,"column":26}},"35":{"start":{"line":64,"column":8},"end":{"line":64,"column":24}},"36":{"start":{"line":68,"column":0},"end":{"line":74,"column":1}},"37":{"start":{"line":69,"column":15},"end":{"line":69,"column":31}},"38":{"start":{"line":70,"column":4},"end":{"line":72,"column":5}},"39":{"start":{"line":70,"column":17},"end":{"line":70,"column":32}},"40":{"start":{"line":71,"column":8},"end":{"line":71,"column":32}},"41":{"start":{"line":73,"column":4},"end":{"line":73,"column":13}},"42":{"start":{"line":76,"column":0},"end":{"line":76,"column":27}}},"fnMap":{"0":{"name":"(anonymous_0)","decl":{"start":{"line":2,"column":4},"end":{"line":2,"column":5}},"loc":{"start":{"line":2,"column":18},"end":{"line":5,"column":5}},"line":2},"1":{"name":"(anonymous_1)","decl":{"start":{"line":7,"column":4},"end":{"line":7,"column":5}},"loc":{"start":{"line":7,"column":21},"end":{"line":11,"column":5}},"line":7},"2":{"name":"(anonymous_2)","decl":{"start":{"line":13,"column":4},"end":{"line":13,"column":5}},"loc":{"start":{"line":13,"column":22},"end":{"line":23,"column":5}},"line":13},"3":{"name":"(anonymous_3)","decl":{"start":{"line":25,"column":4},"end":{"line":25,"column":5}},"loc":{"start":{"line":25,"column":12},"end":{"line":33,"column":5}},"line":25},"4":{"name":"(anonymous_4)","decl":{"start":{"line":35,"column":4},"end":{"line":35,"column":5}},"loc":{"start":{"line":35,"column":30},"end":{"line":43,"column":5}},"line":35},"5":{"name":"(anonymous_5)","decl":{"start":{"line":45,"column":4},"end":{"line":45,"column":5}},"loc":{"start":{"line":45,"column":17},"end":{"line":48,"column":5}},"line":45},"6":{"name":"(anonymous_6)","decl":{"start":{"line":50,"column":4},"end":{"line":50,"column":5}},"loc":{"start":{"line":50,"column":23},"end":{"line":58,"column":5}},"line":50},"7":{"name":"(anonymous_7)","decl":{"start":{"line":62,"column":4},"end":{"line":62,"column":5}},"loc":{"start":{"line":62,"column":29},"end":{"line":65,"column":5}},"line":62},"8":{"name":"(anonymous_8)","decl":{"start":{"line":68,"column":24},"end":{"line":68,"column":25}},"loc":{"start":{"line":68,"column":44},"end":{"line":74,"column":1}},"line":68}},"branchMap":{"0":{"loc":{"start":{"line":14,"column":8},"end":{"line":16,"column":9}},"type":"if","locations":[{"start":{"line":14,"column":8},"end":{"line":16,"column":9}},{"start":{"line":14,"column":8},"end":{"line":16,"column":9}}],"line":14},"1":{"loc":{"start":{"line":14,"column":12},"end":{"line":14,"column":45}},"type":"binary-expr","locations":[{"start":{"line":14,"column":12},"end":{"line":14,"column":21}},{"start":{"line":14,"column":25},"end":{"line":14,"column":45}}],"line":14},"2":{"loc":{"start":{"line":36,"column":8},"end":{"line":36,"column":54}},"type":"if","locations":[{"start":{"line":36,"column":8},"end":{"line":36,"column":54}},{"start":{"line":36,"column":8},"end":{"line":36,"column":54}}],"line":36},"3":{"loc":{"start":{"line":39,"column":8},"end":{"line":39,"column":37}},"type":"if","locations":[{"start":{"line":39,"column":8},"end":{"line":39,"column":37}},{"start":{"line":39,"column":8},"end":{"line":39,"column":37}}],"line":39},"4":{"loc":{"start":{"line":51,"column":8},"end":{"line":51,"column":49}},"type":"if","locations":[{"start":{"line":51,"column":8},"end":{"line":51,"column":49}},{"start":{"line":51,"column":8},"end":{"line":51,"column":49}}],"line":51},"5":{"loc":{"start":{"line":54,"column":8},"end":{"line":54,"column":37}},"type":"if","locations":[{"start":{"line":54,"column":8},"end":{"line":54,"column":37}},{"start":{"line":54,"column":8},"end":{"line":54,"column":37}}],"line":54}},"s":{"0":14,"1":14,"2":38,"3":38,"4":38,"5":12,"6":6,"7":6,"8":6,"9":6,"10":8,"11":6,"12":0,"13":0,"14":0,"15":0,"16":0,"17":0,"18":4,"19":1,"20":3,"21":3,"22":2,"23":1,"24":1,"25":2,"26":2,"27":4,"28":1,"29":3,"30":3,"31":2,"32":1,"33":1,"34":39,"35":39,"36":1,"37":13,"38":13,"39":13,"40":35,"41":13,"42":1},"f":{"0":14,"1":38,"2":12,"3":0,"4":4,"5":2,"6":4,"7":39,"8":13},"b":{"0":[6,6],"1":[12,9],"2":[1,3],"3":[2,1],"4":[1,3],"5":[2,1]},"_coverageSchema":"1a1c01bbd47fc00a2c39e90264f33305004495a9","hash":"70c4a2c1bc4d66d409eabcf48c4acfe126fa92d6"}
,"C:\\Users\\Utilizador\\Desktop\\data structures\\stack\\Stack.js": {"path":"C:\\Users\\Utilizador\\Desktop\\data structures\\stack\\Stack.js","statementMap":{"0":{"start":{"line":3,"column":8},"end":{"line":3,"column":23}},"1":{"start":{"line":4,"column":8},"end":{"line":4,"column":22}},"2":{"start":{"line":8,"column":8},"end":{"line":8,"column":37}},"3":{"start":{"line":9,"column":8},"end":{"line":9,"column":20}},"4":{"start":{"line":10,"column":8},"end":{"line":10,"column":53}},"5":{"start":{"line":11,"column":8},"end":{"line":11,"column":29}},"6":{"start":{"line":15,"column":8},"end":{"line":17,"column":9}},"7":{"start":{"line":16,"column":12},"end":{"line":16,"column":28}},"8":{"start":{"line":19,"column":21},"end":{"line":19,"column":47}},"9":{"start":{"line":20,"column":8},"end":{"line":20,"column":20}},"10":{"start":{"line":21,"column":8},"end":{"line":21,"column":27}},"11":{"start":{"line":22,"column":8},"end":{"line":22,"column":38}},"12":{"start":{"line":23,"column":8},"end":{"line":23,"column":19}},"13":{"start":{"line":27,"column":8},"end":{"line":29,"column":9}},"14":{"start":{"line":28,"column":12},"end":{"line":28,"column":28}},"15":{"start":{"line":30,"column":8},"end":{"line":30,"column":60}},"16":{"start":{"line":31,"column":8},"end":{"line":31,"column":39}},"17":{"start":{"line":35,"column":8},"end":{"line":35,"column":31}},"18":{"start":{"line":39,"column":8},"end":{"line":39,"column":25}},"19":{"start":{"line":43,"column":18},"end":{"line":43,"column":20}},"20":{"start":{"line":44,"column":8},"end":{"line":46,"column":9}},"21":{"start":{"line":44,"column":19},"end":{"line":44,"column":20}},"22":{"start":{"line":45,"column":12},"end":{"line":45,"column":38}},"23":{"start":{"line":47,"column":8},"end":{"line":47,"column":24}},"24":{"start":{"line":48,"column":8},"end":{"line":48,"column":18}},"25":{"start":{"line":52,"column":8},"end":{"line":52,"column":22}},"26":{"start":{"line":53,"column":8},"end":{"line":53,"column":23}},"27":{"start":{"line":54,"column":8},"end":{"line":54,"column":25}},"28":{"start":{"line":58,"column":14},"end":{"line":58,"column":25}},"29":{"start":{"line":59,"column":0},"end":{"line":59,"column":15}},"30":{"start":{"line":60,"column":0},"end":{"line":60,"column":15}},"31":{"start":{"line":61,"column":0},"end":{"line":61,"column":15}},"32":{"start":{"line":62,"column":0},"end":{"line":62,"column":13}},"33":{"start":{"line":63,"column":0},"end":{"line":63,"column":18}},"34":{"start":{"line":65,"column":0},"end":{"line":65,"column":22}}},"fnMap":{"0":{"name":"(anonymous_0)","decl":{"start":{"line":2,"column":4},"end":{"line":2,"column":5}},"loc":{"start":{"line":2,"column":18},"end":{"line":5,"column":5}},"line":2},"1":{"name":"(anonymous_1)","decl":{"start":{"line":7,"column":4},"end":{"line":7,"column":5}},"loc":{"start":{"line":7,"column":15},"end":{"line":12,"column":5}},"line":7},"2":{"name":"(anonymous_2)","decl":{"start":{"line":14,"column":4},"end":{"line":14,"column":5}},"loc":{"start":{"line":14,"column":10},"end":{"line":24,"column":5}},"line":14},"3":{"name":"(anonymous_3)","decl":{"start":{"line":26,"column":4},"end":{"line":26,"column":5}},"loc":{"start":{"line":26,"column":11},"end":{"line":32,"column":5}},"line":26},"4":{"name":"(anonymous_4)","decl":{"start":{"line":34,"column":4},"end":{"line":34,"column":5}},"loc":{"start":{"line":34,"column":14},"end":{"line":36,"column":5}},"line":34},"5":{"name":"(anonymous_5)","decl":{"start":{"line":38,"column":4},"end":{"line":38,"column":5}},"loc":{"start":{"line":38,"column":11},"end":{"line":40,"column":5}},"line":38},"6":{"name":"(anonymous_6)","decl":{"start":{"line":42,"column":4},"end":{"line":42,"column":5}},"loc":{"start":{"line":42,"column":12},"end":{"line":49,"column":5}},"line":42},"7":{"name":"(anonymous_7)","decl":{"start":{"line":51,"column":4},"end":{"line":51,"column":5}},"loc":{"start":{"line":51,"column":12},"end":{"line":55,"column":5}},"line":51}},"branchMap":{"0":{"loc":{"start":{"line":15,"column":8},"end":{"line":17,"column":9}},"type":"if","locations":[{"start":{"line":15,"column":8},"end":{"line":17,"column":9}},{"start":{"line":15,"column":8},"end":{"line":17,"column":9}}],"line":15},"1":{"loc":{"start":{"line":27,"column":8},"end":{"line":29,"column":9}},"type":"if","locations":[{"start":{"line":27,"column":8},"end":{"line":29,"column":9}},{"start":{"line":27,"column":8},"end":{"line":29,"column":9}}],"line":27}},"s":{"0":9,"1":9,"2":23,"3":23,"4":23,"5":23,"6":2,"7":1,"8":1,"9":1,"10":1,"11":1,"12":1,"13":2,"14":1,"15":1,"16":1,"17":3,"18":1,"19":2,"20":2,"21":2,"22":7,"23":2,"24":2,"25":1,"26":1,"27":1,"28":1,"29":1,"30":1,"31":1,"32":1,"33":1,"34":1},"f":{"0":9,"1":23,"2":2,"3":2,"4":3,"5":1,"6":2,"7":1},"b":{"0":[1,1],"1":[1,1]},"_coverageSchema":"1a1c01bbd47fc00a2c39e90264f33305004495a9","hash":"6075c111760096202dfeb3c94c42b8bd3070b208"}
}
