TN:
SF:ll\LinkedList.js
FN:2,(anonymous_0)
FN:7,(anonymous_1)
FN:13,(anonymous_2)
FN:25,(anonymous_3)
FN:35,(anonymous_4)
FN:45,(anonymous_5)
FN:50,(anonymous_6)
FN:62,(anonymous_7)
FN:68,(anonymous_8)
FNF:9
FNH:8
FNDA:14,(anonymous_0)
FNDA:38,(anonymous_1)
FNDA:12,(anonymous_2)
FNDA:0,(anonymous_3)
FNDA:4,(anonymous_4)
FNDA:2,(anonymous_5)
FNDA:4,(anonymous_6)
FNDA:39,(anonymous_7)
FNDA:13,(anonymous_8)
DA:3,14
DA:4,14
DA:8,38
DA:9,38
DA:10,38
DA:14,12
DA:15,6
DA:18,6
DA:19,6
DA:20,8
DA:22,6
DA:26,0
DA:27,0
DA:28,0
DA:29,0
DA:30,0
DA:32,0
DA:36,4
DA:38,3
DA:39,3
DA:41,1
DA:42,1
DA:46,2
DA:47,2
DA:51,4
DA:53,3
DA:54,3
DA:56,1
DA:57,1
DA:63,39
DA:64,39
DA:68,1
DA:69,13
DA:70,13
DA:71,35
DA:73,13
DA:76,1
LF:37
LH:31
BRDA:14,0,0,6
BRDA:14,0,1,6
BRDA:14,1,0,12
BRDA:14,1,1,9
BRDA:36,2,0,1
BRDA:36,2,1,3
BRDA:39,3,0,2
BRDA:39,3,1,1
BRDA:51,4,0,1
BRDA:51,4,1,3
BRDA:54,5,0,2
BRDA:54,5,1,1
BRF:12
BRH:12
end_of_record
TN:
SF:stack\Stack.js
FN:2,(anonymous_0)
FN:7,(anonymous_1)
FN:14,(anonymous_2)
FN:26,(anonymous_3)
FN:34,(anonymous_4)
FN:38,(anonymous_5)
FN:42,(anonymous_6)
FN:51,(anonymous_7)
FNF:8
FNH:8
FNDA:9,(anonymous_0)
FNDA:23,(anonymous_1)
FNDA:2,(anonymous_2)
FNDA:2,(anonymous_3)
FNDA:3,(anonymous_4)
FNDA:1,(anonymous_5)
FNDA:2,(anonymous_6)
FNDA:1,(anonymous_7)
DA:3,9
DA:4,9
DA:8,23
DA:9,23
DA:10,23
DA:11,23
DA:15,2
DA:16,1
DA:19,1
DA:20,1
DA:21,1
DA:22,1
DA:23,1
DA:27,2
DA:28,1
DA:30,1
DA:31,1
DA:35,3
DA:39,1
DA:43,2
DA:44,2
DA:45,7
DA:47,2
DA:48,2
DA:52,1
DA:53,1
DA:54,1
DA:58,1
DA:59,1
DA:60,1
DA:61,1
DA:62,1
DA:63,1
DA:65,1
LF:34
LH:34
BRDA:15,0,0,1
BRDA:15,0,1,1
BRDA:27,1,0,1
BRDA:27,1,1,1
BRF:4
BRH:4
end_of_record
